# /home/baka/Build/browser/platforms/media_backends/libvpx/configure --extra-cflags=-w --as=yasm --enable-pic --enable-runtime-cpu-detect --disable-multithread --disable-postproc --disable-examples --disable-install-docs --disable-install-bins --disable-install-srcs
Configuring selected codecs
  enabling vp8_encoder
  enabling vp8_decoder
Configuring for target 'x86_64-linux-gcc'
  enabling x86_64
  enabling runtime_cpu_detect
  enabling mmx
  enabling sse
  enabling sse2
  enabling sse3
  enabling ssse3
  enabling sse4_1
check_cflags -fomit-frame-pointer
check_cc -fomit-frame-pointer
BEGIN /tmp/vpx-conf-5737-6207.c
    1	int x;
END /tmp/vpx-conf-5737-6207.c
gcc -m64 -fomit-frame-pointer -c -o /tmp/vpx-conf-5737-32598.o /tmp/vpx-conf-5737-6207.c
  using yasm
check_cflags -O3
check_cc -O3
BEGIN /tmp/vpx-conf-5737-6207.c
    1	int x;
END /tmp/vpx-conf-5737-6207.c
gcc -m64 -fomit-frame-pointer -O3 -c -o /tmp/vpx-conf-5737-32598.o /tmp/vpx-conf-5737-6207.c
check_cflags -fPIC
check_cc -fPIC
BEGIN /tmp/vpx-conf-5737-6207.c
    1	int x;
END /tmp/vpx-conf-5737-6207.c
gcc -m64 -fomit-frame-pointer -O3 -fPIC -c -o /tmp/vpx-conf-5737-32598.o /tmp/vpx-conf-5737-6207.c
check_cflags -D_FORTIFY_SOURCE=0
check_cc -D_FORTIFY_SOURCE=0
BEGIN /tmp/vpx-conf-5737-6207.c
    1	int x;
END /tmp/vpx-conf-5737-6207.c
gcc -m64 -fomit-frame-pointer -O3 -fPIC -D_FORTIFY_SOURCE=0 -c -o /tmp/vpx-conf-5737-32598.o /tmp/vpx-conf-5737-6207.c
check_cc
BEGIN /tmp/vpx-conf-5737-6207.c
    1	    unsigned int e = 'O'<<24 | '2'<<16 | 'B'<<8 | 'E';
END /tmp/vpx-conf-5737-6207.c
gcc -m64 -fomit-frame-pointer -O3 -fPIC -D_FORTIFY_SOURCE=0 -c -o /tmp/vpx-conf-5737-32598.o /tmp/vpx-conf-5737-6207.c
check_header unistd.h
check_cpp
BEGIN /tmp/vpx-conf-5737-6207.c
    1	#include "unistd.h"
    2	int x;
END /tmp/vpx-conf-5737-6207.c
gcc -m64 -fomit-frame-pointer -O3 -fPIC -D_FORTIFY_SOURCE=0 -E -o /tmp/vpx-conf-5737-32598.o /tmp/vpx-conf-5737-6207.c
check_cflags -w
check_cc -w
BEGIN /tmp/vpx-conf-5737-6207.c
    1	int x;
END /tmp/vpx-conf-5737-6207.c
gcc -m64 -fomit-frame-pointer -O3 -fPIC -D_FORTIFY_SOURCE=0 -D_LARGEFILE_SOURCE -D_FILE_OFFSET_BITS=64 -w -c -o /tmp/vpx-conf-5737-32598.o /tmp/vpx-conf-5737-6207.c
check_cflags -Wall
check_cc -Wall
BEGIN /tmp/vpx-conf-5737-6207.c
    1	int x;
END /tmp/vpx-conf-5737-6207.c
gcc -m64 -fomit-frame-pointer -O3 -fPIC -D_FORTIFY_SOURCE=0 -D_LARGEFILE_SOURCE -D_FILE_OFFSET_BITS=64 -w -Wall -c -o /tmp/vpx-conf-5737-32598.o /tmp/vpx-conf-5737-6207.c
check_cflags -Wdeclaration-after-statement
check_cc -Wdeclaration-after-statement
BEGIN /tmp/vpx-conf-5737-6207.c
    1	int x;
END /tmp/vpx-conf-5737-6207.c
gcc -m64 -fomit-frame-pointer -O3 -fPIC -D_FORTIFY_SOURCE=0 -D_LARGEFILE_SOURCE -D_FILE_OFFSET_BITS=64 -w -Wall -Wdeclaration-after-statement -c -o /tmp/vpx-conf-5737-32598.o /tmp/vpx-conf-5737-6207.c
check_cflags -Wdisabled-optimization
check_cc -Wdisabled-optimization
BEGIN /tmp/vpx-conf-5737-6207.c
    1	int x;
END /tmp/vpx-conf-5737-6207.c
gcc -m64 -fomit-frame-pointer -O3 -fPIC -D_FORTIFY_SOURCE=0 -D_LARGEFILE_SOURCE -D_FILE_OFFSET_BITS=64 -w -Wall -Wdeclaration-after-statement -Wdisabled-optimization -c -o /tmp/vpx-conf-5737-32598.o /tmp/vpx-conf-5737-6207.c
check_cflags -Wpointer-arith
check_cc -Wpointer-arith
BEGIN /tmp/vpx-conf-5737-6207.c
    1	int x;
END /tmp/vpx-conf-5737-6207.c
gcc -m64 -fomit-frame-pointer -O3 -fPIC -D_FORTIFY_SOURCE=0 -D_LARGEFILE_SOURCE -D_FILE_OFFSET_BITS=64 -w -Wall -Wdeclaration-after-statement -Wdisabled-optimization -Wpointer-arith -c -o /tmp/vpx-conf-5737-32598.o /tmp/vpx-conf-5737-6207.c
check_cflags -Wtype-limits
check_cc -Wtype-limits
BEGIN /tmp/vpx-conf-5737-6207.c
    1	int x;
END /tmp/vpx-conf-5737-6207.c
gcc -m64 -fomit-frame-pointer -O3 -fPIC -D_FORTIFY_SOURCE=0 -D_LARGEFILE_SOURCE -D_FILE_OFFSET_BITS=64 -w -Wall -Wdeclaration-after-statement -Wdisabled-optimization -Wpointer-arith -Wtype-limits -c -o /tmp/vpx-conf-5737-32598.o /tmp/vpx-conf-5737-6207.c
check_cflags -Wcast-qual
check_cc -Wcast-qual
BEGIN /tmp/vpx-conf-5737-6207.c
    1	int x;
END /tmp/vpx-conf-5737-6207.c
gcc -m64 -fomit-frame-pointer -O3 -fPIC -D_FORTIFY_SOURCE=0 -D_LARGEFILE_SOURCE -D_FILE_OFFSET_BITS=64 -w -Wall -Wdeclaration-after-statement -Wdisabled-optimization -Wpointer-arith -Wtype-limits -Wcast-qual -c -o /tmp/vpx-conf-5737-32598.o /tmp/vpx-conf-5737-6207.c
check_cflags -Wimplicit-function-declaration
check_cc -Wimplicit-function-declaration
BEGIN /tmp/vpx-conf-5737-6207.c
    1	int x;
END /tmp/vpx-conf-5737-6207.c
gcc -m64 -fomit-frame-pointer -O3 -fPIC -D_FORTIFY_SOURCE=0 -D_LARGEFILE_SOURCE -D_FILE_OFFSET_BITS=64 -w -Wall -Wdeclaration-after-statement -Wdisabled-optimization -Wpointer-arith -Wtype-limits -Wcast-qual -Wimplicit-function-declaration -c -o /tmp/vpx-conf-5737-32598.o /tmp/vpx-conf-5737-6207.c
check_cflags -Wuninitialized
check_cc -Wuninitialized
BEGIN /tmp/vpx-conf-5737-6207.c
    1	int x;
END /tmp/vpx-conf-5737-6207.c
gcc -m64 -fomit-frame-pointer -O3 -fPIC -D_FORTIFY_SOURCE=0 -D_LARGEFILE_SOURCE -D_FILE_OFFSET_BITS=64 -w -Wall -Wdeclaration-after-statement -Wdisabled-optimization -Wpointer-arith -Wtype-limits -Wcast-qual -Wimplicit-function-declaration -Wuninitialized -c -o /tmp/vpx-conf-5737-32598.o /tmp/vpx-conf-5737-6207.c
check_cflags -Wunused-variable
check_cc -Wunused-variable
BEGIN /tmp/vpx-conf-5737-6207.c
    1	int x;
END /tmp/vpx-conf-5737-6207.c
gcc -m64 -fomit-frame-pointer -O3 -fPIC -D_FORTIFY_SOURCE=0 -D_LARGEFILE_SOURCE -D_FILE_OFFSET_BITS=64 -w -Wall -Wdeclaration-after-statement -Wdisabled-optimization -Wpointer-arith -Wtype-limits -Wcast-qual -Wimplicit-function-declaration -Wuninitialized -Wunused-variable -c -o /tmp/vpx-conf-5737-32598.o /tmp/vpx-conf-5737-6207.c
check_cflags -Wunused-but-set-variable
check_cc -Wunused-but-set-variable
BEGIN /tmp/vpx-conf-5737-6207.c
    1	int x;
END /tmp/vpx-conf-5737-6207.c
gcc -m64 -fomit-frame-pointer -O3 -fPIC -D_FORTIFY_SOURCE=0 -D_LARGEFILE_SOURCE -D_FILE_OFFSET_BITS=64 -w -Wall -Wdeclaration-after-statement -Wdisabled-optimization -Wpointer-arith -Wtype-limits -Wcast-qual -Wimplicit-function-declaration -Wuninitialized -Wunused-variable -Wunused-but-set-variable -c -o /tmp/vpx-conf-5737-32598.o /tmp/vpx-conf-5737-6207.c
check_cflags -Wno-unused-function
check_cc -Wno-unused-function
BEGIN /tmp/vpx-conf-5737-6207.c
    1	int x;
END /tmp/vpx-conf-5737-6207.c
gcc -m64 -fomit-frame-pointer -O3 -fPIC -D_FORTIFY_SOURCE=0 -D_LARGEFILE_SOURCE -D_FILE_OFFSET_BITS=64 -w -Wall -Wdeclaration-after-statement -Wdisabled-optimization -Wpointer-arith -Wtype-limits -Wcast-qual -Wimplicit-function-declaration -Wuninitialized -Wunused-variable -Wunused-but-set-variable -Wno-unused-function -c -o /tmp/vpx-conf-5737-32598.o /tmp/vpx-conf-5737-6207.c
check_header stdio.h
check_cpp
BEGIN /tmp/vpx-conf-5737-6207.c
    1	#include "stdio.h"
    2	int x;
END /tmp/vpx-conf-5737-6207.c
gcc -m64 -fomit-frame-pointer -O3 -fPIC -D_FORTIFY_SOURCE=0 -D_LARGEFILE_SOURCE -D_FILE_OFFSET_BITS=64 -w -Wall -Wdeclaration-after-statement -Wdisabled-optimization -Wpointer-arith -Wtype-limits -Wcast-qual -Wimplicit-function-declaration -Wuninitialized -Wunused-variable -Wunused-but-set-variable -Wno-unused-function -E -o /tmp/vpx-conf-5737-32598.o /tmp/vpx-conf-5737-6207.c
check_ld
check_cc
BEGIN /tmp/vpx-conf-5737-6207.c
    1	int main(void) {return 0;}
END /tmp/vpx-conf-5737-6207.c
gcc -m64 -fomit-frame-pointer -O3 -fPIC -D_FORTIFY_SOURCE=0 -D_LARGEFILE_SOURCE -D_FILE_OFFSET_BITS=64 -w -Wall -Wdeclaration-after-statement -Wdisabled-optimization -Wpointer-arith -Wtype-limits -Wcast-qual -Wimplicit-function-declaration -Wuninitialized -Wunused-variable -Wunused-but-set-variable -Wno-unused-function -c -o /tmp/vpx-conf-5737-32598.o /tmp/vpx-conf-5737-6207.c
gcc -m64 -o /tmp/vpx-conf-5737-4918.x /tmp/vpx-conf-5737-32598.o
check_header stdint.h
check_cpp
BEGIN /tmp/vpx-conf-5737-6207.c
    1	#include "stdint.h"
    2	int x;
END /tmp/vpx-conf-5737-6207.c
gcc -m64 -fomit-frame-pointer -O3 -fPIC -D_FORTIFY_SOURCE=0 -D_LARGEFILE_SOURCE -D_FILE_OFFSET_BITS=64 -w -Wall -Wdeclaration-after-statement -Wdisabled-optimization -Wpointer-arith -Wtype-limits -Wcast-qual -Wimplicit-function-declaration -Wuninitialized -Wunused-variable -Wunused-but-set-variable -Wno-unused-function -E -o /tmp/vpx-conf-5737-32598.o /tmp/vpx-conf-5737-6207.c
check_header pthread.h
check_cpp
BEGIN /tmp/vpx-conf-5737-6207.c
    1	#include "pthread.h"
    2	int x;
END /tmp/vpx-conf-5737-6207.c
gcc -m64 -fomit-frame-pointer -O3 -fPIC -D_FORTIFY_SOURCE=0 -D_LARGEFILE_SOURCE -D_FILE_OFFSET_BITS=64 -w -Wall -Wdeclaration-after-statement -Wdisabled-optimization -Wpointer-arith -Wtype-limits -Wcast-qual -Wimplicit-function-declaration -Wuninitialized -Wunused-variable -Wunused-but-set-variable -Wno-unused-function -E -o /tmp/vpx-conf-5737-32598.o /tmp/vpx-conf-5737-6207.c
check_header sys/mman.h
check_cpp
BEGIN /tmp/vpx-conf-5737-6207.c
    1	#include "sys/mman.h"
    2	int x;
END /tmp/vpx-conf-5737-6207.c
gcc -m64 -fomit-frame-pointer -O3 -fPIC -D_FORTIFY_SOURCE=0 -D_LARGEFILE_SOURCE -D_FILE_OFFSET_BITS=64 -w -Wall -Wdeclaration-after-statement -Wdisabled-optimization -Wpointer-arith -Wtype-limits -Wcast-qual -Wimplicit-function-declaration -Wuninitialized -Wunused-variable -Wunused-but-set-variable -Wno-unused-function -E -o /tmp/vpx-conf-5737-32598.o /tmp/vpx-conf-5737-6207.c
check_header vpx/vpx_integer.h -I/home/baka/Build/browser/platforms/media_backends/libvpx
check_cpp -I/home/baka/Build/browser/platforms/media_backends/libvpx
BEGIN /tmp/vpx-conf-5737-6207.c
    1	#include "vpx/vpx_integer.h"
    2	int x;
END /tmp/vpx-conf-5737-6207.c
gcc -m64 -fomit-frame-pointer -O3 -fPIC -D_FORTIFY_SOURCE=0 -D_LARGEFILE_SOURCE -D_FILE_OFFSET_BITS=64 -w -Wall -Wdeclaration-after-statement -Wdisabled-optimization -Wpointer-arith -Wtype-limits -Wcast-qual -Wimplicit-function-declaration -Wuninitialized -Wunused-variable -Wunused-but-set-variable -Wno-unused-function -I/home/baka/Build/browser/platforms/media_backends/libvpx -E -o /tmp/vpx-conf-5737-32598.o /tmp/vpx-conf-5737-6207.c
